1670694930429	connected_players	1
1670694930847	connected_players	2
1670694931828	connected_players	3
1670694932839	connected_players	4
1670694933824	connected_players	5
1670694934825	connected_players	6
1670694935825	connected_players	7
1670694936827	connected_players	8
1670694937826	connected_players	9
1670694938823	connected_players	10
1670694939824	connected_players	11
1670694940821	connected_players	12
1670694941824	connected_players	13
1670694942823	connected_players	14
1670694943842	connected_players	15
1670694944827	connected_players	16
1670694945826	connected_players	17
1670694946821	connected_players	18
1670694947824	connected_players	19
1670694948827	connected_players	20
1670694949824	connected_players	21
1670694950824	connected_players	22
1670694951821	connected_players	23
1670694952823	connected_players	24
1670694953822	connected_players	25
1670694954825	connected_players	26
1670694955821	connected_players	27
1670694956823	connected_players	28
1670694957843	connected_players	29
1670694958827	connected_players	30
1670694959824	connected_players	31
1670694960866	connected_players	32
1670694961826	connected_players	33
1670694962823	connected_players	34
1670694963824	connected_players	35
1670694964823	connected_players	36
1670694965821	connected_players	37
1670694966821	connected_players	38
1670694967821	connected_players	39
1670694968825	connected_players	40
1670694969824	connected_players	41
1670694970820	connected_players	42
1670694971820	connected_players	43
1670694972821	connected_players	44
1670694973820	connected_players	45
1670694974821	connected_players	46
1670694975820	connected_players	47
1670694976824	connected_players	48
1670694977822	connected_players	49
1670694978820	connected_players	50
1670694979820	connected_players	51
1670694980823	connected_players	52
1670694981823	connected_players	53
1670694982820	connected_players	54
1670694983821	connected_players	55
1670694984820	connected_players	56
1670694985850	connected_players	57
1670694986820	connected_players	58
1670694987820	connected_players	59
1670694988821	connected_players	60
1670694989821	connected_players	61
1670694990844	connected_players	62
1670694991837	connected_players	63
1670694992821	connected_players	64
1670694993821	connected_players	65
1670694994820	connected_players	66
1670694995821	connected_players	67
1670694996821	connected_players	68
1670694997821	connected_players	69
1670694998821	connected_players	70
1670694999820	connected_players	71
1670695000821	connected_players	72
1670695001821	connected_players	73
1670695002820	connected_players	74
1670695003820	connected_players	75
1670695004821	connected_players	76
1670695005820	connected_players	77
1670695006820	connected_players	78
1670695007821	connected_players	79
1670695008821	connected_players	80
1670695009820	connected_players	81
1670695010821	connected_players	82
1670695011820	connected_players	83
1670695012820	connected_players	84
1670695013820	connected_players	85
1670695014822	connected_players	86
1670695015820	connected_players	87
1670695016821	connected_players	88
1670695017820	connected_players	89
1670695018820	connected_players	90
1670695019820	connected_players	91
1670695020844	connected_players	92
1670695021949	connected_players	93
1670695022835	connected_players	94
1670695023819	connected_players	95
1670695024827	connected_players	96
1670695025823	connected_players	97
1670695026820	connected_players	98
1670695027820	connected_players	99
1670695028819	connected_players	100
1670695029819	connected_players	101
1670695030820	connected_players	102
1670695031819	connected_players	103
1670695032820	connected_players	104
1670695033819	connected_players	105
1670695034819	connected_players	106
1670695035819	connected_players	107
1670695036819	connected_players	108
1670695037820	connected_players	109
1670695038819	connected_players	110
1670695039819	connected_players	111
1670695040819	connected_players	112
1670695041833	connected_players	113
1670695042819	connected_players	114
1670695043821	connected_players	115
1670695044819	connected_players	116
1670695045819	connected_players	117
1670695046821	connected_players	118
1670695047819	connected_players	119
1670695048820	connected_players	120
1670695049819	connected_players	121
1670695050835	connected_players	122
1670695051819	connected_players	123
1670695052843	connected_players	124
1670695053819	connected_players	125
1670695054820	connected_players	126
1670695055820	connected_players	127
1670695056822	connected_players	128
1670695057819	connected_players	129
1670695058819	connected_players	130
1670695059819	connected_players	131
1670695060819	connected_players	132
1670695061819	connected_players	133
1670695062820	connected_players	134
1670695063820	connected_players	135
1670695064819	connected_players	136
1670695065822	connected_players	137
1670695066819	connected_players	138
1670695067819	connected_players	139
1670695068820	connected_players	140
1670695069819	connected_players	141
1670695070820	connected_players	142
1670695071819	connected_players	143
1670695072820	connected_players	144
1670695073819	connected_players	145
1670695074819	connected_players	146
1670695075820	connected_players	147
1670695076819	connected_players	148
1670695077819	connected_players	149
1670695078820	connected_players	150
1670695079819	connected_players	151
1670695080843	connected_players	152
1670695081821	connected_players	153
1670695082820	connected_players	154
1670695083843	connected_players	155
1670695084820	connected_players	156
1670695085819	connected_players	157
1670695086820	connected_players	158
1670695087819	connected_players	159
1670695088820	connected_players	160
1670695089819	connected_players	161
1670695090820	connected_players	162
1670695091819	connected_players	163
1670695092820	connected_players	164
1670695093819	connected_players	165
1670695094819	connected_players	166
1670695095820	connected_players	167
1670695096821	connected_players	168
1670695097820	connected_players	169
1670695098820	connected_players	170
1670695099819	connected_players	171
1670695100819	connected_players	172
1670695101820	connected_players	173
1670695102819	connected_players	174
1670695103820	connected_players	175
1670695104819	connected_players	176
1670695105820	connected_players	177
1670695106820	connected_players	178
1670695107819	connected_players	179
1670695108820	connected_players	180
1670695109819	connected_players	181
1670695110839	connected_players	182
1670695111819	connected_players	183
1670695112820	connected_players	184
1670695113819	connected_players	185
1670695114843	connected_players	186
1670695115820	connected_players	187
1670695115824	connected_players	186
1670695116819	connected_players	187
1670695117819	connected_players	188
1670695118819	connected_players	189
1670695119820	connected_players	190
1670695120819	connected_players	191
1670695121819	connected_players	192
1670695122819	connected_players	193
1670695123819	connected_players	194
1670695124819	connected_players	195
1670695125819	connected_players	196
1670695126819	connected_players	197
1670695127819	connected_players	198
1670695128819	connected_players	199
1670695129819	connected_players	200
1670695130819	connected_players	201
1670695131819	connected_players	202
1670695132819	connected_players	203
1670695133819	connected_players	204
1670695134819	connected_players	205
1670695135820	connected_players	206
1670695136819	connected_players	207
1670695137819	connected_players	208
1670695138819	connected_players	209
1670695139819	connected_players	210
1670695140835	connected_players	211
1670695141819	connected_players	212
1670695142820	connected_players	213
1670695143820	connected_players	214
1670695144819	connected_players	215
1670695145836	connected_players	216
1670695146819	connected_players	217
1670695146820	connected_players	216
1670695147819	connected_players	217
1670695147822	connected_players	216
1670695148819	connected_players	217
1670695148822	connected_players	216
1670695149819	connected_players	217
1670695149820	connected_players	216
1670695150820	connected_players	217
1670695151819	connected_players	218
1670695152819	connected_players	219
1670695153820	connected_players	220
1670695154819	connected_players	221
1670695155819	connected_players	222
1670695156819	connected_players	223
1670695157819	connected_players	224
1670695158819	connected_players	225
1670695159836	connected_players	226
1670695160820	connected_players	227
1670695161819	connected_players	228
1670695162819	connected_players	229
1670695163818	connected_players	230
1670695164819	connected_players	231
1670695165819	connected_players	232
1670695165822	connected_players	231
1670695166820	connected_players	232
1670695166820	connected_players	231
1670695167819	connected_players	232
1670695167821	connected_players	231
1670695168819	connected_players	232
1670695168821	connected_players	231
1670695169819	connected_players	232
1670695169821	connected_players	231
1670695170821	connected_players	230
1670695170835	connected_players	231
1670695171819	connected_players	232
1670695171821	connected_players	231
1670695172819	connected_players	232
1670695173820	connected_players	233
1670695174820	connected_players	234
1670695175819	connected_players	235
1670695176821	connected_players	236
1670695177820	connected_players	237
1670695178819	connected_players	238
1670695179819	connected_players	239
1670695180819	connected_players	240
1670695181819	connected_players	241
1670695182819	connected_players	242
1670695183819	connected_players	243
1670695184820	connected_players	244
1670695185819	connected_players	245
1670695186819	connected_players	246
1670695187952	connected_players	247
1670695188189	connected_players	246
1670695188819	connected_players	247
1670695189028	connected_players	246
1670695189819	connected_players	247
1670695189821	connected_players	246
1670695190819	connected_players	247
1670695190820	connected_players	246
1670695191819	connected_players	247
1670695191822	connected_players	246
1670695192819	connected_players	247
1670695192821	connected_players	246
1670695193819	connected_players	247
1670695193820	connected_players	246
1670695194819	connected_players	247
1670695194820	connected_players	246
1670695195820	connected_players	245
1670695195820	connected_players	246
1670695196819	connected_players	247
1670695196820	connected_players	246
1670695197820	connected_players	247
1670695198819	connected_players	248
1670695199819	connected_players	249
1670695200835	connected_players	250
1670695201820	connected_players	251
1670695202820	connected_players	252
1670695203820	connected_players	253
1670695204819	connected_players	254
1670695205819	connected_players	255
1670695206819	connected_players	256
1670695207837	connected_players	257
1670695208819	connected_players	258
1670695209819	connected_players	259
1670695210819	connected_players	260
1670695211819	connected_players	261
1670695212819	connected_players	262
1670695212821	connected_players	261
1670695213820	connected_players	262
1670695213824	connected_players	261
1670695214819	connected_players	262
1670695214820	connected_players	261
1670695215819	connected_players	262
1670695215837	connected_players	261
1670695216819	connected_players	262
1670695216823	connected_players	261
1670695217819	connected_players	262
1670695217824	connected_players	261
1670695218819	connected_players	262
1670695218821	connected_players	261
1670695219819	connected_players	262
1670695219820	connected_players	261
1670695220819	connected_players	262
1670695220821	connected_players	261
1670695221819	connected_players	262
1670695221820	connected_players	261
1670695222819	connected_players	262
1670695222838	connected_players	261
1670695223819	connected_players	262
1670695224820	connected_players	263
1670695225819	connected_players	264
1670695226819	connected_players	265
1670695227819	connected_players	266
1670695228819	connected_players	267
1670695229819	connected_players	268
1670695230835	connected_players	269
1670695231819	connected_players	270
1670695232819	connected_players	271
1670695233819	connected_players	272
1670695234819	connected_players	273
1670695235819	connected_players	274
1670695236819	connected_players	275
1670695237819	connected_players	276
1670695238820	connected_players	275
1670695238842	connected_players	276
1670695239819	connected_players	277
1670695239822	connected_players	276
1670695240819	connected_players	277
1670695241435	connected_players	276
1670695241819	connected_players	277
1670695241820	connected_players	276
1670695242820	connected_players	277
1670695242820	connected_players	276
1670695243819	connected_players	277
1670695243820	connected_players	276
1670695244819	connected_players	277
1670695244820	connected_players	276
1670695245819	connected_players	277
1670695245836	connected_players	276
1670695246819	connected_players	277
1670695246820	connected_players	276
1670695247819	connected_players	277
1670695247820	connected_players	276
1670695248819	connected_players	277
1670695248820	connected_players	276
1670695249820	connected_players	277
1670695249824	connected_players	276
1670695250819	connected_players	277
1670695250820	connected_players	276
1670695251819	connected_players	277
1670695251828	connected_players	276
1670695252819	connected_players	277
1670695253819	connected_players	278
1670695254819	connected_players	279
1670695255819	connected_players	280
1670695256819	connected_players	281
1670695257819	connected_players	282
1670695258819	connected_players	283
1670695259819	connected_players	284
1670695260835	connected_players	285
1670695261819	connected_players	286
1670695262819	connected_players	287
1670695263819	connected_players	288
1670695264819	connected_players	289
1670695265819	connected_players	290
1670695266825	connected_players	291
1670695267819	connected_players	292
1670695267820	connected_players	291
1670695268820	connected_players	292
1670695268820	connected_players	291
1670695269820	connected_players	290
1670695269886	connected_players	291
1670695270821	connected_players	290
1670695270827	connected_players	291
1670695271819	connected_players	292
1670695272151	connected_players	291
1670695272820	connected_players	290
1670695272821	connected_players	291
1670695273821	connected_players	292
1670695273822	connected_players	291
1670695274819	connected_players	292
1670695274820	connected_players	291
1670695275819	connected_players	292
1670695275836	connected_players	291
1670695276819	connected_players	292
1670695276820	connected_players	291
1670695277819	connected_players	292
1670695277820	connected_players	291
1670695278819	connected_players	292
1670695278822	connected_players	291
1670695279819	connected_players	292
1670695279820	connected_players	291
1670695280819	connected_players	292
1670695280820	connected_players	291
1670695281818	connected_players	292
1670695281825	connected_players	291
1670695282819	connected_players	292
1670695282827	connected_players	291
1670695283819	connected_players	292
1670695283821	connected_players	291
1670695284818	connected_players	292
1670695285819	connected_players	293
1670695286818	connected_players	294
1670695287819	connected_players	295
1670695288819	connected_players	296
1670695289819	connected_players	297
1670695290842	connected_players	298
1670695291819	connected_players	299
1670695292819	connected_players	300
1670695299822	connected_players	299
1670695300820	connected_players	298
1670695300837	connected_players	299
1670695301819	connected_players	300
1670695301819	connected_players	299
1670695302819	connected_players	300
1670695302820	connected_players	299
1670695303819	connected_players	300
1670695303824	connected_players	299
1670695304818	connected_players	300
1670695304819	connected_players	299
1670695305818	connected_players	300
1670695305843	connected_players	299
1670695306819	connected_players	300
1670695306820	connected_players	299
1670695307633	connected_players	298
1670695307819	connected_players	299
1670695307820	connected_players	298
1670695308819	connected_players	299
1670695309819	connected_players	300
