1671328975069	connected_players	1
1671328975685	connected_players	2
1671328976624	connected_players	3
1671328977645	connected_players	4
1671328978622	connected_players	5
1671328979624	connected_players	6
1671328980622	connected_players	7
1671328981623	connected_players	8
1671328982623	connected_players	9
1671328983620	connected_players	10
1671328984620	connected_players	11
1671328985619	connected_players	12
1671328986619	connected_players	13
1671328987620	connected_players	14
1671328988634	connected_players	15
1671328989619	connected_players	16
1671328990619	connected_players	17
1671328991619	connected_players	18
1671328992619	connected_players	19
1671328993620	connected_players	20
1671328994620	connected_players	21
1671328995619	connected_players	22
1671328996619	connected_players	23
1671328997619	connected_players	24
1671328998619	connected_players	25
1671328999620	connected_players	26
1671329000619	connected_players	27
1671329001619	connected_players	28
1671329002638	connected_players	29
1671329003619	connected_players	30
1671329004635	connected_players	31
1671329005671	connected_players	32
1671329006620	connected_players	33
1671329007620	connected_players	34
1671329008619	connected_players	35
1671329009619	connected_players	36
1671329010619	connected_players	37
1671329011619	connected_players	38
1671329012619	connected_players	39
1671329013627	connected_players	40
1671329014618	connected_players	41
1671329015618	connected_players	42
1671329016619	connected_players	43
1671329017619	connected_players	44
1671329018619	connected_players	45
1671329019618	connected_players	46
1671329020618	connected_players	47
1671329021618	connected_players	48
1671329022621	connected_players	49
1671329023624	connected_players	50
1671329024623	connected_players	51
1671329025623	connected_players	52
1671329026624	connected_players	53
1671329027621	connected_players	54
1671329028621	connected_players	55
1671329029622	connected_players	56
1671329030635	connected_players	57
1671329031622	connected_players	58
1671329032622	connected_players	59
1671329033622	connected_players	60
1671329034637	connected_players	61
1671329035624	connected_players	62
1671329036647	connected_players	63
1671329037628	connected_players	64
1671329038624	connected_players	65
1671329039620	connected_players	66
1671329040622	connected_players	67
1671329041622	connected_players	68
1671329042623	connected_players	69
1671329043623	connected_players	70
1671329044623	connected_players	71
1671329045623	connected_players	72
1671329046624	connected_players	73
1671329047620	connected_players	74
1671329048622	connected_players	75
1671329049624	connected_players	76
1671329050623	connected_players	77
1671329051623	connected_players	78
1671329052620	connected_players	79
1671329053622	connected_players	80
1671329054621	connected_players	81
1671329055621	connected_players	82
1671329056622	connected_players	83
1671329057621	connected_players	84
1671329058622	connected_players	85
1671329059622	connected_players	86
1671329060621	connected_players	87
1671329061622	connected_players	88
1671329062621	connected_players	89
1671329063621	connected_players	90
1671329064623	connected_players	91
1671329065624	connected_players	92
1671329066620	connected_players	93
1671329067640	connected_players	94
1671329068626	connected_players	95
1671329069622	connected_players	96
1671329070622	connected_players	97
1671329071623	connected_players	98
1671329072621	connected_players	99
1671329073625	connected_players	100
1671329074621	connected_players	101
1671329075621	connected_players	102
1671329076622	connected_players	103
1671329077620	connected_players	104
1671329078622	connected_players	105
1671329079620	connected_players	106
1671329080621	connected_players	107
1671329081624	connected_players	108
1671329082626	connected_players	109
1671329083625	connected_players	110
1671329084624	connected_players	111
1671329085626	connected_players	112
1671329086644	connected_players	113
1671329087621	connected_players	114
1671329088623	connected_players	115
1671329089623	connected_players	116
1671329090624	connected_players	117
1671329091628	connected_players	118
1671329092629	connected_players	119
1671329093622	connected_players	120
1671329094645	connected_players	121
1671329095632	connected_players	122
1671329096625	connected_players	123
1671329097630	connected_players	124
1671329098646	connected_players	125
1671329099633	connected_players	126
1671329100642	connected_players	127
1671329101638	connected_players	128
1671329102634	connected_players	129
1671329103630	connected_players	130
1671329104632	connected_players	131
1671329105641	connected_players	132
1671329106657	connected_players	133
1671329107691	connected_players	134
1671329108781	connected_players	135
1671329109831	connected_players	136
1671329110621	connected_players	137
1671329111619	connected_players	138
1671329112630	connected_players	139
1671329113622	connected_players	140
1671329114619	connected_players	141
1671329115619	connected_players	142
1671329116625	connected_players	143
1671329117620	connected_players	144
1671329118622	connected_players	145
1671329119623	connected_players	146
1671329120619	connected_players	147
1671329121637	connected_players	148
1671329122621	connected_players	149
1671329123621	connected_players	150
1671329124636	connected_players	151
1671329125619	connected_players	152
1671329126623	connected_players	153
1671329127623	connected_players	154
1671329128621	connected_players	155
1671329129639	connected_players	156
1671329130619	connected_players	157
1671329131621	connected_players	158
1671329132620	connected_players	159
1671329133627	connected_players	160
1671329134624	connected_players	161
1671329135620	connected_players	162
1671329136623	connected_players	163
1671329137629	connected_players	164
1671329138622	connected_players	165
1671329139660	connected_players	166
1671329140633	connected_players	167
1671329141640	connected_players	168
1671329142621	connected_players	169
1671329143629	connected_players	170
1671329144667	connected_players	171
1671329145641	connected_players	172
1671329146647	connected_players	173
1671329147774	connected_players	174
1671329148869	connected_players	175
1671329150285	connected_players	176
1671329150999	connected_players	177
1671329152175	connected_players	178
1671329152882	connected_players	179
1671329153927	connected_players	180
1671329156684	connected_players	181
1671329156701	connected_players	182
1671329156724	connected_players	183
1671329158291	connected_players	184
1671329159308	connected_players	185
1671329160001	connected_players	186
1671329161959	connected_players	187
1671329162825	connected_players	188
1671329162879	connected_players	189
1671329164433	connected_players	190
1671329166611	connected_players	191
1671329166674	connected_players	192
1671329170302	connected_players	193
1671329170361	connected_players	194
1671329170425	connected_players	195
1671329170439	connected_players	196
1671329172873	connected_players	197
1671329172917	connected_players	198
1671329172952	connected_players	199
1671329177356	connected_players	200
1671329177381	connected_players	201
1671329177398	connected_players	202
1671329177420	connected_players	203
1671329185234	connected_players	204
1671329185247	connected_players	205
1671329185252	connected_players	206
1671329185264	connected_players	207
1671329185270	connected_players	208
1671329185275	connected_players	209
1671329185285	connected_players	210
1671329185296	connected_players	211
1671329204791	connected_players	212
1671329204802	connected_players	213
1671329204814	connected_players	214
1671329204825	connected_players	215
1671329204832	connected_players	216
1671329204843	connected_players	217
1671329204852	connected_players	218
1671329204862	connected_players	219
1671329204868	connected_players	220
1671329204879	connected_players	221
1671329204889	connected_players	222
1671329204895	connected_players	223
1671329204908	connected_players	224
1671329204920	connected_players	225
1671329204953	connected_players	226
1671329204963	connected_players	227
1671329204974	connected_players	228
1671329204979	connected_players	229
1671329204991	connected_players	230
1671329204998	connected_players	231
1671329220126	connected_players	232
1671329220140	connected_players	233
1671329220151	connected_players	234
1671329220165	connected_players	235
1671329220174	connected_players	236
1671329220200	connected_players	237
1671329220207	connected_players	238
1671329220214	connected_players	239
1671329220225	connected_players	240
1671329220237	connected_players	241
1671329220244	connected_players	242
1671329220255	connected_players	243
1671329220267	connected_players	244
1671329220281	connected_players	245
1671329220294	connected_players	246
1671329253095	connected_players	247
1671329253106	connected_players	248
1671329253112	connected_players	249
1671329253120	connected_players	250
1671329253137	connected_players	251
1671329253157	connected_players	252
1671329253171	connected_players	253
1671329253187	connected_players	254
1671329253204	connected_players	255
1671329253224	connected_players	256
1671329253240	connected_players	257
1671329253259	connected_players	258
1671329253272	connected_players	259
1671329253286	connected_players	260
1671329253301	connected_players	261
1671329253315	connected_players	262
1671329253329	connected_players	263
1671329253341	connected_players	264
1671329253352	connected_players	265
1671329253365	connected_players	266
1671329253375	connected_players	267
1671329253382	connected_players	268
1671329253398	connected_players	269
1671329253407	connected_players	270
1671329253415	connected_players	271
1671329253425	connected_players	272
1671329253509	connected_players	273
1671329253514	connected_players	274
1671329253523	connected_players	275
1671329253537	connected_players	276
1671329253547	connected_players	277
1671329253559	connected_players	278
1671329253565	connected_players	279
1671329267190	connected_players	280
1671329267206	connected_players	281
1671329267221	connected_players	282
1671329267232	connected_players	283
1671329267247	connected_players	284
1671329267268	connected_players	285
1671329267283	connected_players	286
1671329267292	connected_players	287
1671329267304	connected_players	288
1671329267319	connected_players	289
1671329267332	connected_players	290
1671329267343	connected_players	291
1671329267361	connected_players	292
1671329267370	connected_players	293
1671329287053	connected_players	294
1671329287064	connected_players	295
1671329287069	connected_players	296
1671329287077	connected_players	297
1671329287094	connected_players	298
1671329287110	connected_players	299
1671329287123	connected_players	300
