1671328044108	connected_players	1
1671328044737	connected_players	2
1671328045718	connected_players	3
1671328046736	connected_players	4
1671328047717	connected_players	5
1671328048721	connected_players	6
1671328049739	connected_players	7
1671328050719	connected_players	8
1671328051719	connected_players	9
1671328052717	connected_players	10
1671328053715	connected_players	11
1671328054716	connected_players	12
1671328055716	connected_players	13
1671328056715	connected_players	14
1671328057730	connected_players	15
1671328058716	connected_players	16
1671328059716	connected_players	17
1671328060717	connected_players	18
1671328061715	connected_players	19
1671328062719	connected_players	20
1671328063716	connected_players	21
1671328064715	connected_players	22
1671328065715	connected_players	23
1671328066715	connected_players	24
1671328067716	connected_players	25
1671328068716	connected_players	26
1671328069720	connected_players	27
1671328070718	connected_players	28
1671328071742	connected_players	29
1671328072715	connected_players	30
1671328073715	connected_players	31
1671328074754	connected_players	32
1671328075715	connected_players	33
1671328076715	connected_players	34
1671328077715	connected_players	35
1671328078715	connected_players	36
1671328079716	connected_players	37
1671328080718	connected_players	38
1671328081715	connected_players	39
1671328082719	connected_players	40
1671328083715	connected_players	41
1671328084714	connected_players	42
1671328085715	connected_players	43
1671328086715	connected_players	44
1671328087714	connected_players	45
1671328088715	connected_players	46
1671328089716	connected_players	47
1671328090716	connected_players	48
1671328091718	connected_players	49
1671328092717	connected_players	50
1671328093718	connected_players	51
1671328094717	connected_players	52
1671328095718	connected_players	53
1671328096719	connected_players	54
1671328097725	connected_players	55
1671328098723	connected_players	56
1671328099735	connected_players	57
1671328100727	connected_players	58
1671328101724	connected_players	59
1671328102719	connected_players	60
1671328103716	connected_players	61
1671328104742	connected_players	62
1671328105748	connected_players	63
1671328106720	connected_players	64
1671328107720	connected_players	65
1671328108718	connected_players	66
1671328109718	connected_players	67
1671328110715	connected_players	68
1671328111715	connected_players	69
1671328112715	connected_players	70
1671328113715	connected_players	71
1671328114715	connected_players	72
1671328115714	connected_players	73
1671328116715	connected_players	74
1671328117714	connected_players	75
1671328118714	connected_players	76
1671328119714	connected_players	77
1671328120714	connected_players	78
1671328121715	connected_players	79
1671328122714	connected_players	80
1671328123715	connected_players	81
1671328124715	connected_players	82
1671328125715	connected_players	83
1671328126714	connected_players	84
1671328127715	connected_players	85
1671328128715	connected_players	86
1671328129715	connected_players	87
1671328130715	connected_players	88
1671328131715	connected_players	89
1671328132715	connected_players	90
1671328133715	connected_players	91
1671328134731	connected_players	92
1671328135715	connected_players	93
1671328136739	connected_players	94
1671328137715	connected_players	95
1671328138714	connected_players	96
1671328139714	connected_players	97
1671328140715	connected_players	98
1671328141715	connected_players	99
1671328142714	connected_players	100
1671328143714	connected_players	101
1671328144717	connected_players	102
1671328145718	connected_players	103
1671328146714	connected_players	104
1671328147715	connected_players	105
1671328148715	connected_players	106
1671328149715	connected_players	107
1671328150715	connected_players	108
1671328151715	connected_players	109
1671328152714	connected_players	110
1671328153717	connected_players	111
1671328154715	connected_players	112
1671328155733	connected_players	113
1671328156714	connected_players	114
1671328157714	connected_players	115
1671328158715	connected_players	116
1671328159715	connected_players	117
1671328160715	connected_players	118
1671328161715	connected_players	119
1671328162715	connected_players	120
1671328163714	connected_players	121
1671328164737	connected_players	122
1671328165715	connected_players	123
1671328166715	connected_players	124
1671328167738	connected_players	125
1671328168714	connected_players	126
1671328169715	connected_players	127
1671328170715	connected_players	128
1671328171715	connected_players	129
1671328172714	connected_players	130
1671328173714	connected_players	131
1671328174714	connected_players	132
1671328175714	connected_players	133
1671328176716	connected_players	134
1671328177715	connected_players	135
1671328178720	connected_players	136
1671328179716	connected_players	137
1671328180715	connected_players	138
1671328181716	connected_players	139
1671328182715	connected_players	140
1671328183715	connected_players	141
1671328184715	connected_players	142
1671328185715	connected_players	143
1671328186744	connected_players	144
1671328187758	connected_players	145
1671328189012	connected_players	146
1671328190622	connected_players	147
1671328193363	connected_players	148
1671328193406	connected_players	149
1671328193432	connected_players	150
1671328196477	connected_players	151
1671328197037	connected_players	152
1671328197077	connected_players	153
1671328197109	connected_players	154
1671328199958	connected_players	155
1671328200019	connected_players	156
1671328200080	connected_players	157
1671328204613	connected_players	158
1671328204652	connected_players	159
1671328204672	connected_players	160
1671328204701	connected_players	161
1671328208719	connected_players	162
1671328209080	connected_players	163
1671328209129	connected_players	164
1671328209193	connected_players	165
1671328209261	connected_players	166
1671328212527	connected_players	167
1671328212962	connected_players	168
1671328218589	connected_players	169
1671328218614	connected_players	170
1671328218648	connected_players	171
1671328218690	connected_players	172
1671328218721	connected_players	173
1671328218761	connected_players	174
1671328218795	connected_players	175
1671328223822	connected_players	176
1671328225288	connected_players	177
1671328225306	connected_players	178
1671328225326	connected_players	179
1671328240142	connected_players	180
1671328240147	connected_players	181
1671328240168	connected_players	182
1671328240194	connected_players	183
1671328240219	connected_players	184
1671328240247	connected_players	185
1671328240275	connected_players	186
1671328240303	connected_players	187
1671328240331	connected_players	188
1671328240358	connected_players	189
1671328240388	connected_players	190
1671328240414	connected_players	191
1671328240441	connected_players	192
1671328240473	connected_players	193
1671328240498	connected_players	194
1671328240522	connected_players	195
1671328240547	connected_players	196
1671328240566	connected_players	197
1671328248544	connected_players	198
1671328248561	connected_players	199
1671328248578	connected_players	200
1671328248602	connected_players	201
1671328248622	connected_players	202
1671328248644	connected_players	203
1671328248672	connected_players	204
1671328248712	connected_players	205
1671328271011	connected_players	206
1671328271019	connected_players	207
1671328271030	connected_players	208
1671328271059	connected_players	209
1671328271087	connected_players	210
1671328271117	connected_players	211
1671328271147	connected_players	212
1671328271178	connected_players	213
1671328271223	connected_players	214
1671328271253	connected_players	215
1671328271284	connected_players	216
1671328271315	connected_players	217
1671328271350	connected_players	218
1671328271381	connected_players	219
1671328271411	connected_players	220
1671328271438	connected_players	221
1671328271464	connected_players	222
1671328271499	connected_players	223
1671328271523	connected_players	224
1671328271551	connected_players	225
1671328271600	connected_players	226
1671328271610	connected_players	227
1671328271620	connected_players	228
1671328287300	connected_players	229
1671328287316	connected_players	230
1671328287337	connected_players	231
1671328287358	connected_players	232
1671328287383	connected_players	233
1671328287405	connected_players	234
1671328287430	connected_players	235
1671328287457	connected_players	236
1671328287486	connected_players	237
1671328287512	connected_players	238
1671328287533	connected_players	239
1671328287556	connected_players	240
1671328287571	connected_players	241
1671328287593	connected_players	242
1671328287616	connected_players	243
1671328287637	connected_players	244
1671328310468	connected_players	245
1671328310473	connected_players	246
1671328310506	connected_players	247
1671328310556	connected_players	248
1671328310598	connected_players	249
1671328310630	connected_players	250
1671328310667	connected_players	251
1671328310703	connected_players	252
1671328310736	connected_players	253
1671328310781	connected_players	254
1671328310820	connected_players	255
1671328310874	connected_players	256
1671328310915	connected_players	257
1671328310948	connected_players	258
1671328310977	connected_players	259
1671328311010	connected_players	260
1671328311060	connected_players	261
1671328311092	connected_players	262
1671328311124	connected_players	263
1671328311162	connected_players	264
1671328311188	connected_players	265
1671328311220	connected_players	266
1671328311245	connected_players	267
1671328326077	connected_players	268
1671328326104	connected_players	269
1671328326135	connected_players	270
1671328326167	connected_players	271
1671328326198	connected_players	272
1671328326225	connected_players	273
1671328326259	connected_players	274
1671328326290	connected_players	275
1671328326322	connected_players	276
1671328326358	connected_players	277
1671328326392	connected_players	278
1671328326430	connected_players	279
1671328326461	connected_players	280
1671328326490	connected_players	281
1671328326517	connected_players	282
1671328326547	connected_players	283
1671328357182	connected_players	284
1671328357188	connected_players	285
1671328357217	connected_players	286
1671328357272	connected_players	287
1671328357311	connected_players	288
1671328357353	connected_players	289
1671328357401	connected_players	290
1671328357450	connected_players	291
1671328357492	connected_players	292
1671328357547	connected_players	293
1671328357577	connected_players	294
1671328357621	connected_players	295
1671328357661	connected_players	296
1671328357701	connected_players	297
1671328357751	connected_players	298
1671328357788	connected_players	299
1671328357828	connected_players	300
