1670694417497	connected_players	1
1670694417899	connected_players	2
1670694418879	connected_players	3
1670694419907	connected_players	4
1670694420863	connected_players	5
1670694421865	connected_players	6
1670694422863	connected_players	7
1670694423860	connected_players	8
1670694424862	connected_players	9
1670694425853	connected_players	10
1670694426856	connected_players	11
1670694427882	connected_players	12
1670694428855	connected_players	13
1670694429858	connected_players	14
1670694430868	connected_players	15
1670694431860	connected_players	16
1670694432852	connected_players	17
1670694433865	connected_players	18
1670694434854	connected_players	19
1670694435856	connected_players	20
1670694436853	connected_players	21
1670694437854	connected_players	22
1670694438853	connected_players	23
1670694439853	connected_players	24
1670694440853	connected_players	25
1670694441853	connected_players	26
1670694442855	connected_players	27
1670694443855	connected_players	28
1670694444895	connected_players	29
1670694445855	connected_players	30
1670694446851	connected_players	31
1670694447888	connected_players	32
1670694448855	connected_players	33
1670694449859	connected_players	34
1670694450859	connected_players	35
1670694451857	connected_players	36
1670694452858	connected_players	37
1670694453853	connected_players	38
1670694454853	connected_players	39
1670694455860	connected_players	40
1670694456848	connected_players	41
1670694457852	connected_players	42
1670694458853	connected_players	43
1670694459850	connected_players	44
1670694460854	connected_players	45
1670694461852	connected_players	46
1670694462852	connected_players	47
1670694463856	connected_players	48
1670694464860	connected_players	49
1670694465861	connected_players	50
1670694466866	connected_players	51
1670694467866	connected_players	52
1670694468851	connected_players	53
1670694469852	connected_players	54
1670694470852	connected_players	55
1670694471853	connected_players	56
1670694472872	connected_players	57
1670694473853	connected_players	58
1670694474851	connected_players	59
1670694475851	connected_players	60
1670694476851	connected_players	61
1670694477868	connected_players	62
1670694478877	connected_players	63
1670694480094	connected_players	64
1670694481400	connected_players	65
1670694481848	connected_players	66
1670694482851	connected_players	67
1670694483852	connected_players	68
1670694484851	connected_players	69
1670694485850	connected_players	70
1670694486849	connected_players	71
1670694487848	connected_players	72
1670694488851	connected_players	73
1670694489850	connected_players	74
1670694490850	connected_players	75
1670694491850	connected_players	76
1670694492849	connected_players	77
1670694493848	connected_players	78
1670694494851	connected_players	79
1670694495849	connected_players	80
1670694496848	connected_players	81
1670694497851	connected_players	82
1670694498849	connected_players	83
1670694499851	connected_players	84
1670694500852	connected_players	85
1670694501850	connected_players	86
1670694502849	connected_players	87
1670694503849	connected_players	88
1670694504850	connected_players	89
1670694505847	connected_players	90
1670694506853	connected_players	91
1670694507866	connected_players	92
1670694508851	connected_players	93
1670694509875	connected_players	94
1670694510852	connected_players	95
1670694511852	connected_players	96
1670694512848	connected_players	97
1670694513849	connected_players	98
1670694514848	connected_players	99
1670694515848	connected_players	100
1670694517480	connected_players	101
1670694518191	connected_players	102
1670694518854	connected_players	103
1670694519850	connected_players	104
1670694520848	connected_players	105
1670694522018	connected_players	106
1670694523827	connected_players	107
1670694523858	connected_players	108
1670694524901	connected_players	109
1670694525849	connected_players	110
1670694526848	connected_players	111
1670694527847	connected_players	112
1670694528869	connected_players	113
1670694529847	connected_players	114
1670694530848	connected_players	115
1670694531848	connected_players	116
1670694532847	connected_players	117
1670694533849	connected_players	118
1670694534847	connected_players	119
1670694535847	connected_players	120
1670694536847	connected_players	121
1670694537864	connected_players	122
1670694538848	connected_players	123
1670694539847	connected_players	124
1670694540872	connected_players	125
1670694541849	connected_players	126
1670694542847	connected_players	127
1670694543856	connected_players	128
1670694545286	connected_players	129
1670694546385	connected_players	130
1670694547273	connected_players	131
1670694548432	connected_players	132
1670694549586	connected_players	133
1670694550807	connected_players	134
1670694551714	connected_players	135
1670694553873	connected_players	136
1670694553896	connected_players	137
1670694553916	connected_players	138
1670694556062	connected_players	139
1670694557294	connected_players	140
1670694558420	connected_players	141
1670694559835	connected_players	142
1670694560038	connected_players	143
1670694560073	connected_players	144
1670694564331	connected_players	145
1670694564350	connected_players	146
1670694564375	connected_players	147
1670694564397	connected_players	148
1670694567114	connected_players	149
1670694567184	connected_players	150
1670694569074	connected_players	151
1670694571616	connected_players	152
1670694571627	connected_players	153
1670694571669	connected_players	154
1670694571705	connected_players	155
1670694573997	connected_players	156
1670694574109	connected_players	157
1670694577827	connected_players	158
1670694578091	connected_players	159
1670694578235	connected_players	160
1670694578376	connected_players	161
1670694580096	connected_players	162
1670694581297	connected_players	163
1670694581325	connected_players	164
1670694584154	connected_players	165
1670694586947	connected_players	166
1670694586973	connected_players	167
1670694587007	connected_players	168
1670694587590	connected_players	169
1670694587625	connected_players	170
1670694587667	connected_players	171
1670694595112	connected_players	172
1670694595134	connected_players	173
1670694595159	connected_players	174
1670694595184	connected_players	175
1670694595221	connected_players	176
1670694595684	connected_players	177
1670694595783	connected_players	178
1670694595857	connected_players	179
1670694606425	connected_players	180
1670694606434	connected_players	181
1670694606444	connected_players	182
1670694606450	connected_players	183
1670694606477	connected_players	184
1670694606514	connected_players	185
1670694606545	connected_players	186
1670694606583	connected_players	187
1670694606609	connected_players	188
1670694606635	connected_players	189
1670694606656	connected_players	190
1670694614537	connected_players	191
1670694614559	connected_players	192
1670694614583	connected_players	193
1670694614607	connected_players	194
1670694614631	connected_players	195
1670694614658	connected_players	196
1670694614681	connected_players	197
1670694614706	connected_players	198
1670694627191	connected_players	199
1670694627220	connected_players	200
1670694627253	connected_players	201
1670694627285	connected_players	202
1670694627312	connected_players	203
1670694627353	connected_players	204
1670694627383	connected_players	205
1670694627408	connected_players	206
1670694627433	connected_players	207
1670694627459	connected_players	208
1670694627481	connected_players	209
1670694627507	connected_players	210
1670694627540	connected_players	211
1670694634211	connected_players	212
1670694634236	connected_players	213
1670694634261	connected_players	214
1670694634285	connected_players	215
1670694634311	connected_players	216
1670694634337	connected_players	217
1670694634362	connected_players	218
1670694652050	connected_players	219
1670694652055	connected_players	220
1670694652076	connected_players	221
1670694652107	connected_players	222
1670694652139	connected_players	223
1670694652169	connected_players	224
1670694652197	connected_players	225
1670694652244	connected_players	226
1670694652257	connected_players	227
1670694652281	connected_players	228
1670694652307	connected_players	229
1670694652331	connected_players	230
1670694652356	connected_players	231
1670694652380	connected_players	232
1670694652403	connected_players	233
1670694652435	connected_players	234
1670694652466	connected_players	235
1670694652494	connected_players	236
1670694665087	connected_players	237
1670694665115	connected_players	238
1670694665142	connected_players	239
1670694665172	connected_players	240
1670694665197	connected_players	241
1670694665221	connected_players	242
1670694665246	connected_players	243
1670694665271	connected_players	244
1670694665299	connected_players	245
1670694665323	connected_players	246
1670694665348	connected_players	247
1670694665371	connected_players	248
1670694665393	connected_players	249
1670694678603	connected_players	250
1670694678636	connected_players	251
1670694678668	connected_players	252
1670694678700	connected_players	253
1670694678733	connected_players	254
1670694678772	connected_players	255
1670694678806	connected_players	256
1670694678840	connected_players	257
1670694678870	connected_players	258
1670694678898	connected_players	259
1670694678925	connected_players	260
1670694678954	connected_players	261
1670694678992	connected_players	262
1670694694448	connected_players	263
1670694694457	connected_players	264
1670694694472	connected_players	265
1670694694507	connected_players	266
1670694694537	connected_players	267
1670694694569	connected_players	268
1670694694602	connected_players	269
1670694694635	connected_players	270
1670694694667	connected_players	271
1670694694698	connected_players	272
1670694694729	connected_players	273
1670694694760	connected_players	274
1670694694788	connected_players	275
1670694694814	connected_players	276
1670694694841	connected_players	277
1670694694870	connected_players	278
1670694712205	connected_players	279
1670694712254	connected_players	280
1670694712297	connected_players	281
1670694712334	connected_players	282
1670694712371	connected_players	283
1670694712407	connected_players	284
1670694712443	connected_players	285
1670694712479	connected_players	286
1670694712513	connected_players	287
1670694712544	connected_players	288
1670694712574	connected_players	289
1670694712603	connected_players	290
1670694712631	connected_players	291
1670694712661	connected_players	292
1670694712699	connected_players	293
1670694712736	connected_players	294
1670694712774	connected_players	295
1670694712805	connected_players	296
1670694733369	connected_players	297
1670694733382	connected_players	298
1670694733409	connected_players	299
1670694733450	connected_players	300
