1670693852696	connected_players	1
1670693853268	connected_players	2
1670693854255	connected_players	3
1670693855268	connected_players	4
1670693856252	connected_players	5
1670693857252	connected_players	6
1670693858254	connected_players	7
1670693859253	connected_players	8
1670693860251	connected_players	9
1670693861251	connected_players	10
1670693862250	connected_players	11
1670693863249	connected_players	12
1670693864250	connected_players	13
1670693865249	connected_players	14
1670693866284	connected_players	15
1670693867250	connected_players	16
1670693868249	connected_players	17
1670693869250	connected_players	18
1670693870250	connected_players	19
1670693871252	connected_players	20
1670693872250	connected_players	21
1670693873250	connected_players	22
1670693874250	connected_players	23
1670693875249	connected_players	24
1670693876249	connected_players	25
1670693877249	connected_players	26
1670693878250	connected_players	27
1670693879249	connected_players	28
1670693880265	connected_players	29
1670693881251	connected_players	30
1670693882266	connected_players	31
1670693883273	connected_players	32
1670693884250	connected_players	33
1670693885251	connected_players	34
1670693886250	connected_players	35
1670693887250	connected_players	36
1670693888250	connected_players	37
1670693889250	connected_players	38
1670693890249	connected_players	39
1670693891255	connected_players	40
1670693892249	connected_players	41
1670693893249	connected_players	42
1670693894250	connected_players	43
1670693895249	connected_players	44
1670693896249	connected_players	45
1670693897250	connected_players	46
1670693898249	connected_players	47
1670693899250	connected_players	48
1670693900249	connected_players	49
1670693901250	connected_players	50
1670693902251	connected_players	51
1670693903249	connected_players	52
1670693904251	connected_players	53
1670693905249	connected_players	54
1670693906249	connected_players	55
1670693907250	connected_players	56
1670693908266	connected_players	57
1670693909249	connected_players	58
1670693910250	connected_players	59
1670693911251	connected_players	60
1670693912274	connected_players	61
1670693913249	connected_players	62
1670693914267	connected_players	63
1670693915250	connected_players	64
1670693916251	connected_players	65
1670693917250	connected_players	66
1670693918249	connected_players	67
1670693919250	connected_players	68
1670693920250	connected_players	69
1670693921249	connected_players	70
1670693922249	connected_players	71
1670693923250	connected_players	72
1670693924249	connected_players	73
1670693925249	connected_players	74
1670693926438	connected_players	75
1670693927248	connected_players	76
1670693928249	connected_players	77
1670693929248	connected_players	78
1670693930250	connected_players	79
1670693931248	connected_players	80
1670693932248	connected_players	81
1670693933249	connected_players	82
1670693934248	connected_players	83
1670693935248	connected_players	84
1670693936248	connected_players	85
1670693937248	connected_players	86
1670693938248	connected_players	87
1670693939248	connected_players	88
1670693940248	connected_players	89
1670693941248	connected_players	90
1670693942272	connected_players	91
1670693943248	connected_players	92
1670693944248	connected_players	93
1670693945265	connected_players	94
1670693946247	connected_players	95
1670693947248	connected_players	96
1670693948249	connected_players	97
1670693949247	connected_players	98
1670693950248	connected_players	99
1670693951248	connected_players	100
1670693952248	connected_players	101
1670693953248	connected_players	102
1670693954248	connected_players	103
1670693955249	connected_players	104
1670693956248	connected_players	105
1670693957248	connected_players	106
1670693958248	connected_players	107
1670693959248	connected_players	108
1670693960248	connected_players	109
1670693961252	connected_players	110
1670693962250	connected_players	111
1670693963248	connected_players	112
1670693964268	connected_players	113
1670693965248	connected_players	114
1670693966249	connected_players	115
1670693967248	connected_players	116
1670693968248	connected_players	117
1670693969249	connected_players	118
1670693970248	connected_players	119
1670693971249	connected_players	120
1670693972264	connected_players	121
1670693973250	connected_players	122
1670693974248	connected_players	123
1670693975249	connected_players	124
1670693976251	connected_players	125
1670693977250	connected_players	126
1670693978248	connected_players	127
1670693979249	connected_players	128
1670693980249	connected_players	129
1670693981248	connected_players	130
1670693982248	connected_players	131
1670693983248	connected_players	132
1670693984248	connected_players	133
1670693985248	connected_players	134
1670693986248	connected_players	135
1670693987248	connected_players	136
1670693988247	connected_players	137
1670693989247	connected_players	138
1670693990248	connected_players	139
1670693991247	connected_players	140
1670693992248	connected_players	141
1670693993248	connected_players	142
1670693994248	connected_players	143
1670693995248	connected_players	144
1670693996248	connected_players	145
1670693997248	connected_players	146
1670693998249	connected_players	147
1670693999247	connected_players	148
1670694000248	connected_players	149
1670694001248	connected_players	150
1670694002271	connected_players	151
1670694003248	connected_players	152
1670694004247	connected_players	153
1670694005248	connected_players	154
1670694006248	connected_players	155
1670694007273	connected_players	156
1670694008248	connected_players	157
1670694009248	connected_players	158
1670694010247	connected_players	159
1670694011248	connected_players	160
1670694012248	connected_players	161
1670694013248	connected_players	162
1670694014248	connected_players	163
1670694015248	connected_players	164
1670694016248	connected_players	165
1670694017248	connected_players	166
1670694018248	connected_players	167
1670694019248	connected_players	168
1670694020248	connected_players	169
1670694021248	connected_players	170
1670694022248	connected_players	171
1670694023248	connected_players	172
1670694024248	connected_players	173
1670694025247	connected_players	174
1670694026248	connected_players	175
1670694027250	connected_players	176
1670694028248	connected_players	177
1670694029248	connected_players	178
1670694030248	connected_players	179
1670694031248	connected_players	180
1670694032265	connected_players	181
1670694033248	connected_players	182
1670694034248	connected_players	183
1670694035248	connected_players	184
1670694036248	connected_players	185
1670694037248	connected_players	186
1670694038272	connected_players	187
1670694039247	connected_players	188
1670694040248	connected_players	189
1670694041249	connected_players	190
1670694042248	connected_players	191
1670694043248	connected_players	192
1670694044248	connected_players	193
1670694045248	connected_players	194
1670694046248	connected_players	195
1670694047249	connected_players	196
1670694048248	connected_players	197
1670694049248	connected_players	198
1670694050248	connected_players	199
1670694051248	connected_players	200
1670694052248	connected_players	201
1670694053248	connected_players	202
1670694054248	connected_players	203
1670694055249	connected_players	204
1670694056252	connected_players	205
1670694057252	connected_players	206
1670694058251	connected_players	207
1670694059254	connected_players	208
1670694060249	connected_players	209
1670694061252	connected_players	210
1670694062272	connected_players	211
1670694063248	connected_players	212
1670694064248	connected_players	213
1670694065248	connected_players	214
1670694066248	connected_players	215
1670694067247	connected_players	216
1670694068248	connected_players	217
1670694069271	connected_players	218
1670694070248	connected_players	219
1670694071248	connected_players	220
1670694072248	connected_players	221
1670694073249	connected_players	222
1670694074248	connected_players	223
1670694075248	connected_players	224
1670694076250	connected_players	225
1670694077284	connected_players	226
1670694078249	connected_players	227
1670694079248	connected_players	228
1670694080249	connected_players	229
1670694081248	connected_players	230
1670694082248	connected_players	231
1670694083248	connected_players	232
1670694084250	connected_players	233
1670694085248	connected_players	234
1670694086248	connected_players	235
1670694087248	connected_players	236
1670694088248	connected_players	237
1670694089250	connected_players	238
1670694090248	connected_players	239
1670694091248	connected_players	240
1670694092272	connected_players	241
1670694093249	connected_players	242
1670694094248	connected_players	243
1670694095248	connected_players	244
1670694096249	connected_players	245
1670694097251	connected_players	246
1670694098249	connected_players	247
1670694099250	connected_players	248
1670694100266	connected_players	249
1670694101249	connected_players	250
1670694102250	connected_players	251
1670694103248	connected_players	252
1670694104249	connected_players	253
1670694105248	connected_players	254
1670694106252	connected_players	255
1670694107254	connected_players	256
1670694108249	connected_players	257
1670694109248	connected_players	258
1670694110248	connected_players	259
1670694111248	connected_players	260
1670694112249	connected_players	261
1670694113249	connected_players	262
1670694114250	connected_players	263
1670694115249	connected_players	264
1670694116250	connected_players	265
1670694117249	connected_players	266
1670694118249	connected_players	267
1670694119251	connected_players	268
1670694120249	connected_players	269
1670694121248	connected_players	270
1670694122273	connected_players	271
1670694123251	connected_players	272
1670694124250	connected_players	273
1670694125248	connected_players	274
1670694126250	connected_players	275
1670694127248	connected_players	276
1670694128248	connected_players	277
1670694129324	connected_players	278
1670694130250	connected_players	279
1670694131274	connected_players	280
1670694132250	connected_players	281
1670694133250	connected_players	282
1670694134249	connected_players	283
1670694135250	connected_players	284
1670694136249	connected_players	285
1670694137249	connected_players	286
1670694138250	connected_players	287
1670694139251	connected_players	288
1670694140249	connected_players	289
1670694141248	connected_players	290
1670694142251	connected_players	291
1670694143250	connected_players	292
1670694144255	connected_players	293
1670694145250	connected_players	294
1670694146250	connected_players	295
1670694147252	connected_players	296
1670694148248	connected_players	297
1670694149249	connected_players	298
1670694150250	connected_players	299
1670694151250	connected_players	300
