1670778929654	connected_players	1
1670778930281	connected_players	2
1670778931257	connected_players	3
1670778932276	connected_players	4
1670778933255	connected_players	5
1670778934257	connected_players	6
1670778935255	connected_players	7
1670778936256	connected_players	8
1670778937254	connected_players	9
1670778938254	connected_players	10
1670778939253	connected_players	11
1670778940254	connected_players	12
1670778941254	connected_players	13
1670778942254	connected_players	14
1670778943275	connected_players	15
1670778944255	connected_players	16
1670778945254	connected_players	17
1670778946255	connected_players	18
1670778947253	connected_players	19
1670778948257	connected_players	20
1670778949254	connected_players	21
1670778950254	connected_players	22
1670778951253	connected_players	23
1670778952252	connected_players	24
1670778953253	connected_players	25
1670778954253	connected_players	26
1670778955253	connected_players	27
1670778956253	connected_players	28
1670778957291	connected_players	29
1670778958253	connected_players	30
1670778959269	connected_players	31
1670778960269	connected_players	32
1670778961253	connected_players	33
1670778962253	connected_players	34
1670778963252	connected_players	35
1670778964253	connected_players	36
1670778965252	connected_players	37
1670778966253	connected_players	38
1670778967253	connected_players	39
1670778968258	connected_players	40
1670778969252	connected_players	41
1670778970252	connected_players	42
1670778971252	connected_players	43
1670778972252	connected_players	44
1670778973252	connected_players	45
1670778974252	connected_players	46
1670778975252	connected_players	47
1670778976252	connected_players	48
1670778977253	connected_players	49
1670778978252	connected_players	50
1670778979253	connected_players	51
1670778980255	connected_players	52
1670778981264	connected_players	53
1670778982261	connected_players	54
1670778983266	connected_players	55
1670778984272	connected_players	56
1670778985310	connected_players	57
1670778986269	connected_players	58
1670778987265	connected_players	59
1670778988279	connected_players	60
1670778989276	connected_players	61
1670778990267	connected_players	62
1670778991271	connected_players	63
1670778992253	connected_players	64
1670778993252	connected_players	65
1670778994252	connected_players	66
1670778995252	connected_players	67
1670778996256	connected_players	68
1670778997305	connected_players	69
1670779085642	connected_players	70
1670779085655	connected_players	71
1670779085660	connected_players	72
1670779085665	connected_players	73
1670779085670	connected_players	74
1670779085676	connected_players	75
1670779085687	connected_players	76
1670779085694	connected_players	77
1670779085702	connected_players	78
1670779085713	connected_players	79
1670779085721	connected_players	80
1670779085726	connected_players	81
1670779085733	connected_players	82
1670779085738	connected_players	83
1670779085744	connected_players	84
1670779085748	connected_players	85
1670779085769	connected_players	86
1670779085775	connected_players	87
1670779085787	connected_players	88
1670779085793	connected_players	89
1670779085805	connected_players	90
1670779085817	connected_players	91
1670779085821	connected_players	92
1670779085833	connected_players	93
1670779085837	connected_players	94
1670779085847	connected_players	95
1670779085858	connected_players	96
1670779085865	connected_players	97
1670779085871	connected_players	98
1670779085876	connected_players	99
1670779085881	connected_players	100
1670779085887	connected_players	101
1670779085897	connected_players	102
1670779085909	connected_players	103
1670779085920	connected_players	104
1670779085931	connected_players	105
1670779085944	connected_players	106
1670779085952	connected_players	107
1670779085957	connected_players	108
1670779085973	connected_players	109
1670779085984	connected_players	110
1670779085997	connected_players	111
1670779086008	connected_players	112
1670779086043	connected_players	113
1670779086053	connected_players	114
1670779086058	connected_players	115
1670779086063	connected_players	116
1670779086072	connected_players	117
1670779086081	connected_players	118
1670779086087	connected_players	119
1670779086092	connected_players	120
1670779086106	connected_players	121
1670779086116	connected_players	122
1670779086121	connected_players	123
1670779086131	connected_players	124
1670779086135	connected_players	125
1670779086140	connected_players	126
1670779086144	connected_players	127
1670779086155	connected_players	128
1670779086160	connected_players	129
1670779086165	connected_players	130
1670779086172	connected_players	131
1670779086174	connected_players	132
1670779086179	connected_players	133
1670779086186	connected_players	134
1670779086202	connected_players	135
1670779086252	connected_players	136
1670779086263	connected_players	137
1670779086275	connected_players	138
1670779086281	connected_players	139
1670779086299	connected_players	140
1670779086309	connected_players	141
1670779086316	connected_players	142
1670779086331	connected_players	143
1670779086343	connected_players	144
1670779086353	connected_players	145
1670779086358	connected_players	146
1670779086371	connected_players	147
1670779086387	connected_players	148
1670779086392	connected_players	149
1670779086397	connected_players	150
1670779086401	connected_players	151
1670779086405	connected_players	152
1670779086415	connected_players	153
1670779086424	connected_players	154
1670779086430	connected_players	155
1670779086434	connected_players	156
1670779086449	connected_players	157
1670779087306	connected_players	158
1670779087455	connected_players	159
1670779088261	connected_players	160
1670779089290	connected_players	161
1670779090291	connected_players	162
1670779101287	connected_players	161
1670779101293	connected_players	160
1670779101305	connected_players	159
1670779101315	connected_players	158
1670779101318	connected_players	157
1670779101332	connected_players	156
1670779101348	connected_players	155
1670779101354	connected_players	154
1670779101359	connected_players	153
1670779101372	connected_players	152
1670779101388	connected_players	151
1670779101396	connected_players	150
1670779101402	connected_players	148
1670779101400	connected_players	149
1670779101407	connected_players	147
1670779101416	connected_players	146
1670779101432	connected_players	145
1670779101435	connected_players	144
1670779101436	connected_players	143
1670779101448	connected_players	142
1670779102307	connected_players	141
1670779102456	connected_players	140
1670779103402	connected_players	139
1670779104292	connected_players	138
1670779105338	connected_players	137
1670779106115	connected_players	136
1670779106413	connected_players	135
1670779106802	connected_players	134
1670779106859	connected_players	133
1670779107244	connected_players	132
1670779107626	connected_players	131
1670779108333	connected_players	130
1670779109422	connected_players	129
1670779111024	connected_players	128
1670779175394	connected_players	129
1670779175404	connected_players	130
1670779175410	connected_players	131
1670779175425	connected_players	132
1670779175437	connected_players	133
1670779175441	connected_players	134
1670779175453	connected_players	135
1670779175462	connected_players	136
1670779175469	connected_players	137
1670779175474	connected_players	138
1670779175486	connected_players	139
1670779175498	connected_players	140
1670779175506	connected_players	141
1670779175510	connected_players	142
1670779175515	connected_players	143
1670779175523	connected_players	144
1670779175536	connected_players	145
1670779175544	connected_players	146
1670779175551	connected_players	147
1670779175563	connected_players	148
1670779175567	connected_players	149
1670779175571	connected_players	150
1670779175578	connected_players	151
1670779175587	connected_players	152
1670779175597	connected_players	153
1670779175604	connected_players	154
1670779175608	connected_players	155
1670779175614	connected_players	156
1670779175619	connected_players	157
1670779175627	connected_players	158
1670779175630	connected_players	159
1670779175634	connected_players	160
1670779175645	connected_players	161
1670779175649	connected_players	162
1670779175657	connected_players	163
1670779175664	connected_players	164
1670779175670	connected_players	165
1670779175679	connected_players	166
1670779175689	connected_players	167
1670779175695	connected_players	168
1670779175700	connected_players	169
1670779175706	connected_players	170
1670779175709	connected_players	171
1670779175717	connected_players	172
1670779175723	connected_players	173
1670779175732	connected_players	174
1670779175736	connected_players	175
1670779175741	connected_players	176
1670779175750	connected_players	177
1670779175761	connected_players	178
1670779175776	connected_players	179
1670779175781	connected_players	180
1670779175785	connected_players	181
1670779175789	connected_players	182
1670779175798	connected_players	183
1670779175803	connected_players	184
1670779175813	connected_players	185
1670779175815	connected_players	186
1670779175826	connected_players	187
1670779175833	connected_players	188
1670779175839	connected_players	189
1670779175844	connected_players	190
1670779175850	connected_players	191
1670779175854	connected_players	192
1670779175862	connected_players	193
1670779175868	connected_players	194
1670779175873	connected_players	195
1670779175882	connected_players	196
1670779175893	connected_players	197
1670779175903	connected_players	198
1670779175908	connected_players	199
1670779175913	connected_players	200
1670779175922	connected_players	201
1670779175931	connected_players	202
1670779175942	connected_players	203
1670779175949	connected_players	204
1670779175955	connected_players	205
1670779175960	connected_players	206
1670779175964	connected_players	207
1670779175968	connected_players	208
1670779175975	connected_players	209
1670779175980	connected_players	210
1670779175986	connected_players	211
1670779175989	connected_players	212
1670779175994	connected_players	213
1670779176266	connected_players	214
1670779177037	connected_players	213
1670779177078	connected_players	212
1670779177120	connected_players	211
1670779177123	connected_players	210
1670779177124	connected_players	209
1670779177213	connected_players	208
1670779177213	connected_players	207
1670779177214	connected_players	206
1670779177216	connected_players	205
1670779177256	connected_players	206
1670779177310	connected_players	205
1670779177311	connected_players	204
1670779177341	connected_players	203
1670779177343	connected_players	202
1670779177344	connected_players	201
1670779177345	connected_players	200
1670779177350	connected_players	199
1670779177351	connected_players	198
1670779177351	connected_players	197
1670779177351	connected_players	196
1670779177354	connected_players	195
1670779177354	connected_players	194
1670779177357	connected_players	193
1670779177400	connected_players	192
1670779177558	connected_players	191
1670779177565	connected_players	190
1670779177568	connected_players	189
1670779177569	connected_players	188
1670779177569	connected_players	187
1670779177570	connected_players	186
1670779177570	connected_players	185
1670779177570	connected_players	184
1670779177661	connected_players	183
1670779177773	connected_players	182
1670779177809	connected_players	181
1670779177895	connected_players	180
1670779177985	connected_players	179
1670779177986	connected_players	178
1670779177989	connected_players	177
1670779177989	connected_players	176
1670779178067	connected_players	175
1670779178581	connected_players	176
1670779178656	connected_players	175
1670779178664	connected_players	174
1670779178664	connected_players	173
1670779178721	connected_players	172
1670779178811	connected_players	171
1670779178815	connected_players	170
1670779178816	connected_players	169
1670779178954	connected_players	168
1670779179021	connected_players	167
1670779179021	connected_players	166
1670779179023	connected_players	165
1670779179148	connected_players	164
1670779179150	connected_players	163
1670779179151	connected_players	162
1670779179334	connected_players	161
1670779179373	connected_players	160
1670779179373	connected_players	159
1670779179545	connected_players	158
1670779179576	connected_players	157
1670779179582	connected_players	156
1670779179582	connected_players	155
1670779179583	connected_players	154
1670779179586	connected_players	153
1670779179587	connected_players	152
1670779179712	connected_players	151
1670779179714	connected_players	150
1670779179715	connected_players	149
1670779179720	connected_players	148
1670779199761	connected_players	147
1670779204106	connected_players	146
1670779204722	connected_players	145
1670779205005	connected_players	144
1670779205306	connected_players	143
1670779265974	connected_players	144
1670779265985	connected_players	145
1670779265989	connected_players	146
1670779265999	connected_players	147
1670779266013	connected_players	148
1670779266020	connected_players	149
1670779266031	connected_players	150
1670779266043	connected_players	151
1670779266058	connected_players	152
1670779266062	connected_players	153
1670779266066	connected_players	154
1670779266076	connected_players	155
1670779266082	connected_players	156
1670779266092	connected_players	157
1670779266103	connected_players	158
1670779266116	connected_players	159
1670779266124	connected_players	160
1670779266129	connected_players	161
1670779266133	connected_players	162
1670779266138	connected_players	163
1670779266144	connected_players	164
1670779266150	connected_players	165
1670779266155	connected_players	166
1670779266166	connected_players	167
1670779266179	connected_players	168
1670779266189	connected_players	169
1670779266194	connected_players	170
1670779266200	connected_players	171
1670779266211	connected_players	172
1670779266222	connected_players	173
1670779266230	connected_players	174
1670779266236	connected_players	175
1670779266249	connected_players	176
1670779266251	connected_players	177
1670779266255	connected_players	178
1670779266260	connected_players	179
1670779266264	connected_players	180
1670779266267	connected_players	181
1670779266272	connected_players	182
1670779266276	connected_players	183
1670779266280	connected_players	184
1670779266289	connected_players	185
1670779266295	connected_players	186
1670779266299	connected_players	187
1670779266303	connected_players	188
1670779266308	connected_players	189
1670779266313	connected_players	190
1670779266317	connected_players	191
1670779266321	connected_players	192
1670779266324	connected_players	193
1670779266329	connected_players	194
1670779266331	connected_players	195
1670779266335	connected_players	196
1670779266343	connected_players	197
1670779266347	connected_players	198
1670779266351	connected_players	199
1670779266361	connected_players	200
1670779266370	connected_players	201
1670779266375	connected_players	202
1670779266379	connected_players	203
1670779266383	connected_players	204
1670779266393	connected_players	205
1670779266398	connected_players	206
1670779266404	connected_players	207
1670779266408	connected_players	208
1670779266412	connected_players	209
1670779266416	connected_players	210
1670779266420	connected_players	211
1670779266430	connected_players	212
1670779266439	connected_players	213
1670779266444	connected_players	214
1670779266451	connected_players	215
1670779266455	connected_players	216
1670779266459	connected_players	217
1670779266463	connected_players	218
1670779266467	connected_players	219
1670779266473	connected_players	220
1670779266483	connected_players	221
1670779266490	connected_players	222
1670779266497	connected_players	223
1670779266500	connected_players	224
1670779266504	connected_players	225
1670779266541	connected_players	226
1670779266545	connected_players	227
1670779266556	connected_players	228
1670779266565	connected_players	229
1670779266574	connected_players	230
1670779272014	connected_players	231
1670779272081	connected_players	232
1670779272114	connected_players	233
1670779272130	connected_players	234
1670779272142	connected_players	235
1670779272157	connected_players	236
1670779273309	connected_players	237
1670779274041	connected_players	238
1670779274255	connected_players	239
1670779275253	connected_players	240
1670779287016	connected_players	239
1670779287082	connected_players	238
1670779287116	connected_players	237
1670779287131	connected_players	236
1670779287144	connected_players	235
1670779287158	connected_players	234
1670779288310	connected_players	233
1670779289041	connected_players	232
1670779289256	connected_players	231
1670779289975	connected_players	230
1670779289975	connected_players	229
1670779290254	connected_players	228
1670779290870	connected_players	227
1670779291859	connected_players	226
1670779292202	connected_players	225
1670779294333	connected_players	224
1670779294386	connected_players	223
1670779295076	connected_players	222
1670779295378	connected_players	221
1670779295420	connected_players	220
1670779296672	connected_players	219
1670779296700	connected_players	218
1670779296728	connected_players	217
1670779296821	connected_players	216
1670779296823	connected_players	215
1670779296877	connected_players	214
1670779296878	connected_players	213
1670779297851	connected_players	212
1670779298680	connected_players	211
1670779305935	connected_players	210
1670779305936	connected_players	209
1670779305936	connected_players	208
1670779310283	connected_players	207
1670779310285	connected_players	206
1670779310296	connected_players	205
1670779310306	connected_players	204
1670779310321	connected_players	203
1670779310324	connected_players	202
1670779310325	connected_players	201
1670779310336	connected_players	200
1670779310344	connected_players	199
1670779310347	connected_players	198
1670779310357	connected_players	197
1670779310359	connected_players	196
1670779310381	connected_players	195
1670779310383	connected_players	194
1670779310386	connected_players	193
1670779310389	connected_players	192
1670779310403	connected_players	191
1670779310412	connected_players	190
1670779310416	connected_players	189
1670779310418	connected_players	188
1670779310424	connected_players	187
1670779310432	connected_players	186
1670779310440	connected_players	185
1670779310441	connected_players	184
1670779310458	connected_players	183
1670779310471	connected_players	182
1670779310472	connected_players	181
1670779310475	connected_players	180
1670779310477	connected_players	179
1670779310479	connected_players	178
1670779310493	connected_players	177
1670779310495	connected_players	176
1670779310502	connected_players	175
1670779310521	connected_players	174
1670779310538	connected_players	173
1670779310551	connected_players	172
1670779310551	connected_players	171
1670779310555	connected_players	170
1670779310557	connected_players	169
1670779310565	connected_players	168
1670779310570	connected_players	167
1670779310577	connected_players	166
1670779310581	connected_players	165
1670779310581	connected_players	164
1670779310582	connected_players	163
1670779310598	connected_players	162
1670779310619	connected_players	161
1670779310628	connected_players	160
1670779314299	connected_players	159
1670779314312	connected_players	158
1670779314320	connected_players	157
1670779314328	connected_players	156
1670779314328	connected_players	155
1670779314338	connected_players	154
1670779314344	connected_players	153
1670779314362	connected_players	152
1670779314370	connected_players	151
1670779314410	connected_players	150
1670779314416	connected_players	149
1670779314437	connected_players	148
1670779314516	connected_players	147
1670779314542	connected_players	146
1670779314571	connected_players	145
1670779314572	connected_players	144
1670779314700	connected_players	143
1670779314720	connected_players	142
1670779314769	connected_players	141
1670779314906	connected_players	140
1670779314962	connected_players	139
1670779315057	connected_players	138
1670779315069	connected_players	137
1670779315088	connected_players	136
1670779315215	connected_players	135
1670779315230	connected_players	134
1670779315343	connected_players	133
1670779315352	connected_players	132
1670779315360	connected_players	131
1670779315367	connected_players	130
1670779315367	connected_players	129
1670779315370	connected_players	128
1670779315370	connected_players	127
1670779315375	connected_players	126
